<?xml version="1.0" encoding="UTF-8"?>
<!-- Generated by org.testng.reporters.JUnitReportReporter -->
<testsuite skipped="0" hostname="DESKTOP-RO5RV81" name="com.TestRunner.Executionwindow" tests="3" failures="0" timestamp="24 Jan 2020 02:39:39 GMT" time="27.684" errors="0">
  <testcase name="LaunchBrowser" time="16.140" classname="com.TestRunner.Executionwindow"/>
  <testcase name="UserLogin" time="5.282" classname="com.TestRunner.Executionwindow"/>
  <testcase name="applyLeave" time="6.262" classname="com.TestRunner.Executionwindow"/>
</testsuite> <!-- com.TestRunner.Executionwindow -->
